16:51:38 **** Programming project 2.Low_Pass_Filter_Real_Time on chip ****
"C:\\Ac6\\SystemWorkbench\\plugins\\fr.ac6.mcu.externaltools.openocd.win32_1.22.0.201902141520\\tools\\openocd\\bin\\openocd.exe" -f stm32.flash.8762393050254462256.cfg -s "C:\\Users\\Asus\\Documents\\GitHub\\Curso_filtrosARM\\2.Low_Pass_Filter_Real_Time" -s "C:\\Ac6\\SystemWorkbench\\plugins\\fr.ac6.mcu.debug_2.4.0.201902141520\\resources\\openocd\\st_scripts" -c "program Debug/2.Low_Pass_Filter_Real_Time.elf verify reset exit" 
Open On-Chip Debugger 0.10.0-dev-00019-g5352c55 (2019-02-14-15:45)
Licensed under GNU GPL v2
For bug reports, read
	http://openocd.org/doc/doxygen/bugs.html
srst_only separate srst_nogate srst_open_drain connect_assert_srst
Info : The selected transport took over low-level target control. The results might differ compared to plain JTAG/SWD
adapter speed: 8000 kHz
adapter_nsrst_delay: 100
Info : clock speed 8000 kHz
Info : STLINK v2 JTAG v27 API v2 SWIM v0 VID 0x0483 PID 0x3748
Info : vid/pid are not identical: 0x0483/0x374B 0x0483/0x3748
Info : using stlink api v2
Info : Target voltage: 2.905039
Info : Unable to match requested speed 8000 kHz, using 4000 kHz
Info : Stlink adapter speed set to 4000 kHz
Info : STM32F303VCTx.cpu: hardware has 6 breakpoints, 4 watchpoints
target halted due to debug-request, current mode: Thread 
xPSR: 0x01000000 pc: 0x08001c24 msp: 0x2000a000
** Programming Started **
auto erase enabled
Info : device id = 0x10036422
Info : flash size = 256kbytes
target halted due to breakpoint, current mode: Thread 
xPSR: 0x61000000 pc: 0x2000003a msp: 0x2000a000
wrote 225280 bytes from file Debug/2.Low_Pass_Filter_Real_Time.elf in 9.423539s (23.346 KiB/s)
** Programming Finished **
** Verify Started **
target halted due to breakpoint, current mode: Thread 
xPSR: 0x61000000 pc: 0x2000002e msp: 0x2000a000
verified 224344 bytes in 0.619117s (353.868 KiB/s)
** Verified OK **
** Resetting Target **
shutdown command invoked

16:51:48 Build Finished (took 10s.305ms)

